---------------------------------------
Begin Slurm Prolog: Dec-10-2025 02:27:59
Job ID:    3964614
User ID:   kpalaniappan8
Account:   ece
Job name:  install_flash_attn
Partition: coe-gpu
QOS:       coe-ice
---------------------------------------
CUDA_VISIBLE_DEVICES=0
Running on host: atl1-1-03-013-19-0.pace.gatech.edu
GPUs allocated:
Wed Dec 10 02:27:59 2025       
+-----------------------------------------------------------------------------------------+
| NVIDIA-SMI 575.57.08              Driver Version: 575.57.08      CUDA Version: 12.9     |
|-----------------------------------------+------------------------+----------------------+
| GPU  Name                 Persistence-M | Bus-Id          Disp.A | Volatile Uncorr. ECC |
| Fan  Temp   Perf          Pwr:Usage/Cap |           Memory-Usage | GPU-Util  Compute M. |
|                                         |                        |               MIG M. |
|=========================================+========================+======================|
|   0  NVIDIA H200                    On  |   00000000:66:00.0 Off |                    0 |
| N/A   41C    P0             82W /  700W |       0MiB / 143771MiB |      0%      Default |
|                                         |                        |             Disabled |
+-----------------------------------------+------------------------+----------------------+
                                                                                         
+-----------------------------------------------------------------------------------------+
| Processes:                                                                              |
|  GPU   GI   CI              PID   Type   Process name                        GPU Memory |
|        ID   ID                                                               Usage      |
|=========================================================================================|
|  No running processes found                                                             |
+-----------------------------------------------------------------------------------------+
Collecting flash-attn
  Using cached flash_attn-2.8.3.tar.gz (8.4 MB)
  Preparing metadata (setup.py): started
  Preparing metadata (setup.py): still running...
  Preparing metadata (setup.py): finished with status 'done'
Requirement already satisfied: torch in /storage/ice1/5/4/kpalaniappan8/python/venv_latest/lib/python3.10/site-packages (from flash-attn) (2.9.1)
Requirement already satisfied: einops in /storage/ice1/5/4/kpalaniappan8/python/venv_latest/lib/python3.10/site-packages (from flash-attn) (0.8.1)
Requirement already satisfied: jinja2 in /storage/ice1/5/4/kpalaniappan8/python/venv_latest/lib/python3.10/site-packages (from torch->flash-attn) (3.1.6)
Requirement already satisfied: triton==3.5.1 in /storage/ice1/5/4/kpalaniappan8/python/venv_latest/lib/python3.10/site-packages (from torch->flash-attn) (3.5.1)
Requirement already satisfied: networkx>=2.5.1 in /storage/ice1/5/4/kpalaniappan8/python/venv_latest/lib/python3.10/site-packages (from torch->flash-attn) (3.4.2)
Requirement already satisfied: filelock in /storage/ice1/5/4/kpalaniappan8/python/venv_latest/lib/python3.10/site-packages (from torch->flash-attn) (3.20.0)
Requirement already satisfied: nvidia-cudnn-cu12==9.10.2.21 in /storage/ice1/5/4/kpalaniappan8/python/venv_latest/lib/python3.10/site-packages (from torch->flash-attn) (9.10.2.21)
Requirement already satisfied: nvidia-cuda-runtime-cu12==12.8.90 in /storage/ice1/5/4/kpalaniappan8/python/venv_latest/lib/python3.10/site-packages (from torch->flash-attn) (12.8.90)
Requirement already satisfied: nvidia-cusolver-cu12==11.7.3.90 in /storage/ice1/5/4/kpalaniappan8/python/venv_latest/lib/python3.10/site-packages (from torch->flash-attn) (11.7.3.90)
Requirement already satisfied: nvidia-cuda-cupti-cu12==12.8.90 in /storage/ice1/5/4/kpalaniappan8/python/venv_latest/lib/python3.10/site-packages (from torch->flash-attn) (12.8.90)
Requirement already satisfied: nvidia-cublas-cu12==12.8.4.1 in /storage/ice1/5/4/kpalaniappan8/python/venv_latest/lib/python3.10/site-packages (from torch->flash-attn) (12.8.4.1)
Requirement already satisfied: nvidia-nvshmem-cu12==3.3.20 in /storage/ice1/5/4/kpalaniappan8/python/venv_latest/lib/python3.10/site-packages (from torch->flash-attn) (3.3.20)
Requirement already satisfied: nvidia-cufile-cu12==1.13.1.3 in /storage/ice1/5/4/kpalaniappan8/python/venv_latest/lib/python3.10/site-packages (from torch->flash-attn) (1.13.1.3)
Requirement already satisfied: nvidia-cusparse-cu12==12.5.8.93 in /storage/ice1/5/4/kpalaniappan8/python/venv_latest/lib/python3.10/site-packages (from torch->flash-attn) (12.5.8.93)
Requirement already satisfied: nvidia-cufft-cu12==11.3.3.83 in /storage/ice1/5/4/kpalaniappan8/python/venv_latest/lib/python3.10/site-packages (from torch->flash-attn) (11.3.3.83)
Requirement already satisfied: nvidia-nccl-cu12==2.27.5 in /storage/ice1/5/4/kpalaniappan8/python/venv_latest/lib/python3.10/site-packages (from torch->flash-attn) (2.27.5)
Requirement already satisfied: nvidia-nvjitlink-cu12==12.8.93 in /storage/ice1/5/4/kpalaniappan8/python/venv_latest/lib/python3.10/site-packages (from torch->flash-attn) (12.8.93)
Requirement already satisfied: nvidia-curand-cu12==10.3.9.90 in /storage/ice1/5/4/kpalaniappan8/python/venv_latest/lib/python3.10/site-packages (from torch->flash-attn) (10.3.9.90)
Requirement already satisfied: fsspec>=0.8.5 in /storage/ice1/5/4/kpalaniappan8/python/venv_latest/lib/python3.10/site-packages (from torch->flash-attn) (2025.10.0)
Requirement already satisfied: sympy>=1.13.3 in /storage/ice1/5/4/kpalaniappan8/python/venv_latest/lib/python3.10/site-packages (from torch->flash-attn) (1.14.0)
Requirement already satisfied: typing-extensions>=4.10.0 in /storage/ice1/5/4/kpalaniappan8/python/venv_latest/lib/python3.10/site-packages (from torch->flash-attn) (4.15.0)
Requirement already satisfied: nvidia-nvtx-cu12==12.8.90 in /storage/ice1/5/4/kpalaniappan8/python/venv_latest/lib/python3.10/site-packages (from torch->flash-attn) (12.8.90)
Requirement already satisfied: nvidia-cuda-nvrtc-cu12==12.8.93 in /storage/ice1/5/4/kpalaniappan8/python/venv_latest/lib/python3.10/site-packages (from torch->flash-attn) (12.8.93)
Requirement already satisfied: nvidia-cusparselt-cu12==0.7.1 in /storage/ice1/5/4/kpalaniappan8/python/venv_latest/lib/python3.10/site-packages (from torch->flash-attn) (0.7.1)
Requirement already satisfied: mpmath<1.4,>=1.1.0 in /storage/ice1/5/4/kpalaniappan8/python/venv_latest/lib/python3.10/site-packages (from sympy>=1.13.3->torch->flash-attn) (1.3.0)
Requirement already satisfied: MarkupSafe>=2.0 in /storage/ice1/5/4/kpalaniappan8/python/venv_latest/lib/python3.10/site-packages (from jinja2->torch->flash-attn) (3.0.3)
Installing collected packages: flash-attn
  Running setup.py install for flash-attn: started
  Running setup.py install for flash-attn: still running...
  Running setup.py install for flash-attn: finished with status 'error'
---------------------------------------
Begin Slurm Epilog: Dec-10-2025 02:30:36
Job ID:        3964614
User ID:       kpalaniappan8
Account:       ece
Job name:      install_flash_attn
Resources:     cpu=4,gres/gpu:h200=1,mem=4G,node=1
Rsrc Used:     cput=00:10:28,vmem=0,walltime=00:02:37,mem=4163300K,energy_used=0
Partition:     coe-gpu
QOS:           coe-ice
Nodes:         atl1-1-03-013-19-0
---------------------------------------
