---------------------------------------
Begin Slurm Prolog: Dec-08-2025 09:09:34
Job ID:    3960774
User ID:   kpalaniappan8
Account:   ece
Job name:  my_h200_job
Partition: ice-gpu
QOS:       coe-ice
---------------------------------------
CUDA_VISIBLE_DEVICES=0,1,2,3,4,5,6,7
Running on host: atl1-1-03-017-30-0.pace.gatech.edu
GPUs allocated:
Mon Dec  8 09:09:34 2025       
+-----------------------------------------------------------------------------------------+
| NVIDIA-SMI 575.57.08              Driver Version: 575.57.08      CUDA Version: 12.9     |
|-----------------------------------------+------------------------+----------------------+
| GPU  Name                 Persistence-M | Bus-Id          Disp.A | Volatile Uncorr. ECC |
| Fan  Temp   Perf          Pwr:Usage/Cap |           Memory-Usage | GPU-Util  Compute M. |
|                                         |                        |               MIG M. |
|=========================================+========================+======================|
|   0  NVIDIA H200                    On  |   00000000:1A:00.0 Off |                    0 |
| N/A   29C    P0             86W /  700W |       0MiB / 143771MiB |      0%      Default |
|                                         |                        |             Disabled |
+-----------------------------------------+------------------------+----------------------+
|   1  NVIDIA H200                    On  |   00000000:40:00.0 Off |                    0 |
| N/A   59C    P0            110W /  700W |       0MiB / 143771MiB |      0%      Default |
|                                         |                        |             Disabled |
+-----------------------------------------+------------------------+----------------------+
|   2  NVIDIA H200                    On  |   00000000:53:00.0 Off |                    0 |
| N/A   29C    P0            114W /  700W |       0MiB / 143771MiB |      0%      Default |
|                                         |                        |             Disabled |
+-----------------------------------------+------------------------+----------------------+
|   3  NVIDIA H200                    On  |   00000000:66:00.0 Off |                    0 |
| N/A   30C    P0             86W /  700W |       0MiB / 143771MiB |      0%      Default |
|                                         |                        |             Disabled |
+-----------------------------------------+------------------------+----------------------+
|   4  NVIDIA H200                    On  |   00000000:9C:00.0 Off |                    0 |
| N/A   30C    P0             82W /  700W |       0MiB / 143771MiB |      0%      Default |
|                                         |                        |             Disabled |
+-----------------------------------------+------------------------+----------------------+
|   5  NVIDIA H200                    On  |   00000000:C0:00.0 Off |                    0 |
| N/A   29C    P0            107W /  700W |       0MiB / 143771MiB |      0%      Default |
|                                         |                        |             Disabled |
+-----------------------------------------+------------------------+----------------------+
|   6  NVIDIA H200                    On  |   00000000:D2:00.0 Off |                    0 |
| N/A   30C    P0             95W /  700W |       0MiB / 143771MiB |      0%      Default |
|                                         |                        |             Disabled |
+-----------------------------------------+------------------------+----------------------+
|   7  NVIDIA H200                    On  |   00000000:E4:00.0 Off |                    0 |
| N/A   31C    P0            125W /  700W |       0MiB / 143771MiB |      0%      Default |
|                                         |                        |             Disabled |
+-----------------------------------------+------------------------+----------------------+
                                                                                         
+-----------------------------------------------------------------------------------------+
| Processes:                                                                              |
|  GPU   GI   CI              PID   Type   Process name                        GPU Memory |
|        ID   ID                                                               Usage      |
|=========================================================================================|
|  No running processes found                                                             |
+-----------------------------------------------------------------------------------------+
build_dataset: 0.0106 seconds
trainable params: 6,422,528 || all params: 2,133,954,560 || trainable%: 0.3010
load_model: 7.9698 seconds
GPU Usage:0.4%|0.7%|0.4%|0.4%|0.4%|0.4%|0.4%|1.7%
---------------------------------------
Begin Slurm Epilog: Dec-08-2025 09:12:34
Job ID:        3960774
User ID:       kpalaniappan8
Account:       ece
Job name:      my_h200_job
Resources:     cpu=8,gres/gpu:h200=8,mem=64G,node=1
Rsrc Used:     cput=00:24:00,vmem=0,walltime=00:03:00,mem=2270684K,energy_used=0
Partition:     ice-gpu
QOS:           coe-ice
Nodes:         atl1-1-03-017-30-0
---------------------------------------
