---------------------------------------
Begin Slurm Prolog: Dec-04-2025 18:18:54
Job ID:    3925767
User ID:   kpalaniappan8
Account:   ece
Job name:  my_h200_job
Partition: ice-gpu
QOS:       coe-ice
---------------------------------------
CUDA_VISIBLE_DEVICES=0
Running on host: atl1-1-03-017-9-0.pace.gatech.edu
GPUs allocated:
Thu Dec  4 18:18:54 2025       
+-----------------------------------------------------------------------------------------+
| NVIDIA-SMI 575.57.08              Driver Version: 575.57.08      CUDA Version: 12.9     |
|-----------------------------------------+------------------------+----------------------+
| GPU  Name                 Persistence-M | Bus-Id          Disp.A | Volatile Uncorr. ECC |
| Fan  Temp   Perf          Pwr:Usage/Cap |           Memory-Usage | GPU-Util  Compute M. |
|                                         |                        |               MIG M. |
|=========================================+========================+======================|
|   0  NVIDIA H200                    On  |   00000000:E4:00.0 Off |                    0 |
| N/A   31C    P0             78W /  700W |       0MiB / 143771MiB |      0%      Default |
|                                         |                        |             Disabled |
+-----------------------------------------+------------------------+----------------------+
                                                                                         
+-----------------------------------------------------------------------------------------+
| Processes:                                                                              |
|  GPU   GI   CI              PID   Type   Process name                        GPU Memory |
|        ID   ID                                                               Usage      |
|=========================================================================================|
|  No running processes found                                                             |
+-----------------------------------------------------------------------------------------+
Imports: 42.0800 seconds
build_dataset: 0.3926 seconds
trainable params: 10,092,544 || all params: 8,302,259,200 || trainable%: 0.1216
load_model: 25.9864 seconds
Baseline format adherence (pre-RL):
Format adherence: 0.0% with 10 samples
evaluate_format_rate: 45.3797 seconds
Baseline: 0.0 matches
grpo_update: 40.3652 seconds
Step 01 | reward_sum=0.000 | reward_mean=0.000 | format adherence=0.0% | time=40.4s
grpo_update: 38.3375 seconds
Step 02 | reward_sum=0.000 | reward_mean=0.000 | format adherence=0.0% | time=78.7s
grpo_update: 31.6542 seconds
Step 03 | reward_sum=0.000 | reward_mean=0.000 | format adherence=0.0% | time=110.4s
grpo_update: 32.5620 seconds
Step 04 | reward_sum=0.000 | reward_mean=0.000 | format adherence=0.0% | time=143.0s
grpo_update: 47.9799 seconds
Step 05 | reward_sum=0.000 | reward_mean=0.000 | format adherence=0.0% | time=191.0s
grpo_update: 28.6108 seconds
Step 06 | reward_sum=0.000 | reward_mean=0.000 | format adherence=0.0% | time=219.7s
grpo_update: 32.7436 seconds
Step 07 | reward_sum=0.000 | reward_mean=0.000 | format adherence=0.0% | time=252.4s
grpo_update: 31.2715 seconds
Step 08 | reward_sum=0.000 | reward_mean=0.000 | format adherence=0.0% | time=283.7s
grpo_update: 40.9520 seconds
Step 09 | reward_sum=1.000 | reward_mean=0.200 | format adherence=20.0% | time=324.6s
grpo_update: 44.9002 seconds
Step 10 | reward_sum=0.000 | reward_mean=0.000 | format adherence=0.0% | time=369.6s
grpo_update: 29.4194 seconds
Step 11 | reward_sum=0.000 | reward_mean=0.000 | format adherence=0.0% | time=399.0s
grpo_update: 35.6223 seconds
Step 12 | reward_sum=0.000 | reward_mean=0.000 | format adherence=0.0% | time=434.6s
grpo_update: 35.8579 seconds
Step 13 | reward_sum=0.000 | reward_mean=0.000 | format adherence=0.0% | time=470.5s
grpo_update: 21.6104 seconds
Step 14 | reward_sum=0.000 | reward_mean=0.000 | format adherence=0.0% | time=492.1s
grpo_update: 31.5990 seconds
Step 15 | reward_sum=0.000 | reward_mean=0.000 | format adherence=0.0% | time=523.7s
grpo_update: 22.7736 seconds
Step 16 | reward_sum=0.000 | reward_mean=0.000 | format adherence=0.0% | time=546.5s
grpo_update: 35.5494 seconds
Step 17 | reward_sum=0.000 | reward_mean=0.000 | format adherence=0.0% | time=582.0s
grpo_update: 42.7715 seconds
Step 18 | reward_sum=0.000 | reward_mean=0.000 | format adherence=0.0% | time=624.8s
grpo_update: 39.9324 seconds
Step 19 | reward_sum=0.000 | reward_mean=0.000 | format adherence=0.0% | time=664.8s
grpo_update: 35.2904 seconds
Step 20 | reward_sum=0.000 | reward_mean=0.000 | format adherence=0.0% | time=700.1s
grpo_update: 33.8607 seconds
Step 21 | reward_sum=0.000 | reward_mean=0.000 | format adherence=0.0% | time=733.9s
grpo_update: 18.1268 seconds
Step 22 | reward_sum=0.000 | reward_mean=0.000 | format adherence=0.0% | time=752.1s
grpo_update: 12.3807 seconds
Step 23 | reward_sum=0.000 | reward_mean=0.000 | format adherence=0.0% | time=764.5s
grpo_update: 33.7763 seconds
Step 24 | reward_sum=0.000 | reward_mean=0.000 | format adherence=0.0% | time=798.3s
grpo_update: 30.9083 seconds
Step 25 | reward_sum=0.000 | reward_mean=0.000 | format adherence=0.0% | time=829.2s
Format adherence after RL:
Format adherence: 0.0% with 10 samples
evaluate_format_rate: 48.0989 seconds
Post-RL: 0.0 matches
Saved model weights to model.pt
---------------------------------------
Begin Slurm Epilog: Dec-04-2025 18:36:17
Job ID:        3925767
User ID:       kpalaniappan8
Account:       ece
Job name:      my_h200_job
Resources:     cpu=8,gres/gpu:h200=1,mem=64G,node=1
Rsrc Used:     cput=02:19:04,vmem=0,walltime=00:17:23,mem=11133264K,energy_used=0
Partition:     ice-gpu
QOS:           coe-ice
Nodes:         atl1-1-03-017-9-0
---------------------------------------
