---------------------------------------
Begin Slurm Prolog: Dec-04-2025 23:13:39
Job ID:    3936632
User ID:   kpalaniappan8
Account:   ece
Job name:  my_h200_job
Partition: ice-gpu
QOS:       coe-ice
---------------------------------------
CUDA_VISIBLE_DEVICES=0
Running on host: atl1-1-03-017-23-0.pace.gatech.edu
GPUs allocated:
Thu Dec  4 23:13:39 2025       
+-----------------------------------------------------------------------------------------+
| NVIDIA-SMI 575.57.08              Driver Version: 575.57.08      CUDA Version: 12.9     |
|-----------------------------------------+------------------------+----------------------+
| GPU  Name                 Persistence-M | Bus-Id          Disp.A | Volatile Uncorr. ECC |
| Fan  Temp   Perf          Pwr:Usage/Cap |           Memory-Usage | GPU-Util  Compute M. |
|                                         |                        |               MIG M. |
|=========================================+========================+======================|
|   0  NVIDIA H200                    On  |   00000000:4C:00.0 Off |                    0 |
| N/A   30C    P0             79W /  700W |       0MiB / 143771MiB |      0%      Default |
|                                         |                        |             Disabled |
+-----------------------------------------+------------------------+----------------------+
                                                                                         
+-----------------------------------------------------------------------------------------+
| Processes:                                                                              |
|  GPU   GI   CI              PID   Type   Process name                        GPU Memory |
|        ID   ID                                                               Usage      |
|=========================================================================================|
|  No running processes found                                                             |
+-----------------------------------------------------------------------------------------+
Imports: 49.3795 seconds
build_dataset: 1.4079 seconds
trainable params: 10,092,544 || all params: 8,302,259,200 || trainable%: 0.1216
load_model: 94.7091 seconds
Baseline format adherence (pre-RL):
Format adherence: 0.0% with 10 samples
evaluate_format_rate: 59.9579 seconds
Baseline: 0.0 matches
grpo_update: 57.9882 seconds
Step 01 | reward_sum=0.000 | reward_mean=0.000 | format adherence=0.0% | time=58.0s
grpo_update: 44.8627 seconds
Step 02 | reward_sum=0.000 | reward_mean=0.000 | format adherence=0.0% | time=102.9s
grpo_update: 37.2612 seconds
Step 03 | reward_sum=0.000 | reward_mean=0.000 | format adherence=0.0% | time=140.2s
grpo_update: 37.7254 seconds
Step 04 | reward_sum=0.000 | reward_mean=0.000 | format adherence=0.0% | time=177.9s
grpo_update: 51.0902 seconds
Step 05 | reward_sum=0.000 | reward_mean=0.000 | format adherence=0.0% | time=229.0s
grpo_update: 31.0945 seconds
Step 06 | reward_sum=0.000 | reward_mean=0.000 | format adherence=0.0% | time=260.1s
grpo_update: 30.5230 seconds
Step 07 | reward_sum=0.000 | reward_mean=0.000 | format adherence=0.0% | time=290.7s
grpo_update: 36.8402 seconds
Step 08 | reward_sum=0.000 | reward_mean=0.000 | format adherence=0.0% | time=327.5s
grpo_update: 55.0626 seconds
Step 09 | reward_sum=0.000 | reward_mean=0.000 | format adherence=0.0% | time=382.6s
grpo_update: 47.1439 seconds
Step 10 | reward_sum=0.000 | reward_mean=0.000 | format adherence=0.0% | time=429.7s
grpo_update: 39.3333 seconds
Step 11 | reward_sum=0.000 | reward_mean=0.000 | format adherence=0.0% | time=469.1s
grpo_update: 45.5446 seconds
Step 12 | reward_sum=0.000 | reward_mean=0.000 | format adherence=0.0% | time=514.6s
grpo_update: 51.8054 seconds
Step 13 | reward_sum=0.000 | reward_mean=0.000 | format adherence=0.0% | time=566.4s
grpo_update: 39.4325 seconds
Step 14 | reward_sum=1.000 | reward_mean=0.100 | format adherence=10.0% | time=605.9s
grpo_update: 41.7590 seconds
Step 15 | reward_sum=0.000 | reward_mean=0.000 | format adherence=0.0% | time=647.7s
grpo_update: 29.4018 seconds
Step 16 | reward_sum=0.000 | reward_mean=0.000 | format adherence=0.0% | time=677.1s
grpo_update: 39.0316 seconds
Step 17 | reward_sum=0.000 | reward_mean=0.000 | format adherence=0.0% | time=716.1s
grpo_update: 38.0885 seconds
Step 18 | reward_sum=0.000 | reward_mean=0.000 | format adherence=0.0% | time=754.2s
grpo_update: 48.1345 seconds
Step 19 | reward_sum=0.000 | reward_mean=0.000 | format adherence=0.0% | time=802.4s
grpo_update: 43.4048 seconds
Step 20 | reward_sum=0.000 | reward_mean=0.000 | format adherence=0.0% | time=845.8s
grpo_update: 34.6780 seconds
Step 21 | reward_sum=0.000 | reward_mean=0.000 | format adherence=0.0% | time=880.5s
grpo_update: 20.0119 seconds
Step 22 | reward_sum=0.000 | reward_mean=0.000 | format adherence=0.0% | time=900.5s
grpo_update: 14.8912 seconds
Step 23 | reward_sum=0.000 | reward_mean=0.000 | format adherence=0.0% | time=915.4s
grpo_update: 30.0333 seconds
Step 24 | reward_sum=0.000 | reward_mean=0.000 | format adherence=0.0% | time=945.5s
grpo_update: 38.2668 seconds
Step 25 | reward_sum=0.000 | reward_mean=0.000 | format adherence=0.0% | time=983.7s
Format adherence after RL:
Format adherence: 0.0% with 10 samples
evaluate_format_rate: 62.1362 seconds
Post-RL: 0.0 matches
Saved model weights to model.pt
---------------------------------------
Begin Slurm Epilog: Dec-04-2025 23:36:25
Job ID:        3936632
User ID:       kpalaniappan8
Account:       ece
Job name:      my_h200_job
Resources:     cpu=8,gres/gpu:h200=1,mem=64G,node=1
Rsrc Used:     cput=03:02:08,vmem=0,walltime=00:22:46,mem=24725008K,energy_used=0
Partition:     ice-gpu
QOS:           coe-ice
Nodes:         atl1-1-03-017-23-0
---------------------------------------
